<?xml version="1.0" encoding="utf-8" standalone="no"?>
<test-results xmlns:xsi="http://www.w3.org/2001/XMLSchema-instance" xsi:noNamespaceSchemaLocation="nunit_schema_2.5.xsd" name="Pester" total="8" errors="0" failures="0" not-run="0" inconclusive="0" ignored="0" skipped="0" invalid="0" date="2020-09-01" time="15:49:47">
  <environment clr-version="4.0.30319.42000" user-domain="NETINTRA" cwd="C:\Users\laurent.lienhard\OneDrive\01-DEV\PSUserManagement" platform="Microsoft Windows 10 Enterprise|C:\WINDOWS|\Device\Harddisk0\Partition3" machine-name="PORT9999" nunit-version="2.5.8.0" os-version="10.0.19041" user="Laurent.Lienhard" />
  <culture-info current-culture="fr-FR" current-uiculture="en-US" />
  <test-suite type="TestFixture" name="Pester" executed="True" result="Success" success="True" time="0.4462" asserts="0" description="Pester">
    <results>
      <test-suite type="TestFixture" name="C:\Users\laurent.lienhard\OneDrive\01-DEV\PSUserManagement\UnitTests\Module.Tests.ps1" executed="True" result="Success" success="True" time="0.4462" asserts="0" description="C:\Users\laurent.lienhard\OneDrive\01-DEV\PSUserManagement\UnitTests\Module.Tests.ps1">
        <results>
          <test-suite type="TestFixture" name="Module" executed="True" result="Success" success="True" time="0.3781" asserts="0" description="Module">
            <results>
              <test-suite type="TestFixture" name="Module.Manifest" executed="True" result="Success" success="True" time="0.3277" asserts="0" description="Module.Manifest">
                <results>
                  <test-case description="has a valid manifest" name="Module.Manifest.has a valid manifest" time="0.0424" asserts="0" success="True" result="Success" executed="True" />
                  <test-case description="has a valid name in the manifest" name="Module.Manifest.has a valid name in the manifest" time="0.0478" asserts="0" success="True" result="Success" executed="True" />
                  <test-case description="has a valid root module" name="Module.Manifest.has a valid root module" time="0.0314" asserts="0" success="True" result="Success" executed="True" />
                  <test-case description="has a valid version in the manifest" name="Module.Manifest.has a valid version in the manifest" time="0.0352" asserts="0" success="True" result="Success" executed="True" />
                  <test-case description="has a valid description" name="Module.Manifest.has a valid description" time="0.0204" asserts="0" success="True" result="Success" executed="True" />
                  <test-case description="has a valid author" name="Module.Manifest.has a valid author" time="0.0282" asserts="0" success="True" result="Success" executed="True" />
                  <test-case description="has a valid guid" name="Module.Manifest.has a valid guid" time="0.033" asserts="0" success="True" result="Success" executed="True" />
                  <test-case description="has a valid copyright" name="Module.Manifest.has a valid copyright" time="0.0317" asserts="0" success="True" result="Success" executed="True" />
                </results>
              </test-suite>
            </results>
          </test-suite>
        </results>
      </test-suite>
    </results>
  </test-suite>
</test-results>